# JRE version: OpenJDK Runtime Environment Homebrew (11.0.26) (build 11.0.26+0)
# Java VM: OpenJDK 64-Bit Server VM Homebrew (11.0.26+0, mixed mode, tiered, compressed oops, g1 gc, bsd-aarch64)
Heap:
 garbage-first heap   total 393216K, used 72886K [0x0000000740000000, 0x00000007c0000000)
  region size 1024K, 41 young (41984K), 20 survivors (20480K)
 Metaspace       used 74613K, capacity 76928K, committed 77104K, reserved 1116160K
  class space    used 9892K, capacity 10826K, committed 10880K, reserved 1048576K
GC Heap History (16 events):
Event: 0.151 GC heap before
{Heap before GC invocations=0 (full 0):
 garbage-first heap   total 393216K, used 27648K [0x0000000740000000, 0x00000007c0000000)
  region size 1024K, 24 young (24576K), 0 survivors (0K)
 Metaspace       used 7352K, capacity 7531K, committed 7680K, reserved 1056768K
  class space    used 646K, capacity 703K, committed 768K, reserved 1048576K
}
Event: 0.153 GC heap after
{Heap after GC invocations=1 (full 0):
 garbage-first heap   total 393216K, used 10421K [0x0000000740000000, 0x00000007c0000000)
  region size 1024K, 3 young (3072K), 3 survivors (3072K)
 Metaspace       used 7352K, capacity 7531K, committed 7680K, reserved 1056768K
  class space    used 646K, capacity 703K, committed 768K, reserved 1048576K
}
Event: 0.675 GC heap before
{Heap before GC invocations=1 (full 0):
 garbage-first heap   total 393216K, used 154805K [0x0000000740000000, 0x00000007c0000000)
  region size 1024K, 143 young (146432K), 3 survivors (3072K)
 Metaspace       used 20703K, capacity 21124K, committed 21296K, reserved 1069056K
  class space    used 2439K, capacity 2627K, committed 2688K, reserved 1048576K
}
Event: 0.679 GC heap after
{Heap after GC invocations=2 (full 0):
 garbage-first heap   total 393216K, used 20284K [0x0000000740000000, 0x00000007c0000000)
  region size 1024K, 12 young (12288K), 12 survivors (12288K)
 Metaspace       used 20703K, capacity 21124K, committed 21296K, reserved 1069056K
  class space    used 2439K, capacity 2627K, committed 2688K, reserved 1048576K
}
Event: 0.944 GC heap before
{Heap before GC invocations=3 (full 0):
 garbage-first heap   total 393216K, used 143164K [0x0000000740000000, 0x00000007c0000000)
  region size 1024K, 132 young (135168K), 12 survivors (12288K)
 Metaspace       used 27905K, capacity 28517K, committed 28720K, reserved 1075200K
  class space    used 3613K, capacity 3862K, committed 3968K, reserved 1048576K
}
Event: 0.948 GC heap after
{Heap after GC invocations=4 (full 0):
 garbage-first heap   total 393216K, used 23543K [0x0000000740000000, 0x00000007c0000000)
  region size 1024K, 12 young (12288K), 12 survivors (12288K)
 Metaspace       used 27905K, capacity 28517K, committed 28720K, reserved 1075200K
  class space    used 3613K, capacity 3862K, committed 3968K, reserved 1048576K
}
Event: 1.178 GC heap before
{Heap before GC invocations=4 (full 0):
 garbage-first heap   total 393216K, used 130039K [0x0000000740000000, 0x00000007c0000000)
  region size 1024K, 117 young (119808K), 12 survivors (12288K)
 Metaspace       used 34919K, capacity 35808K, committed 36048K, reserved 1081344K
  class space    used 4721K, capacity 5122K, committed 5248K, reserved 1048576K
}
Event: 1.181 GC heap after
{Heap after GC invocations=5 (full 0):
 garbage-first heap   total 393216K, used 25635K [0x0000000740000000, 0x00000007c0000000)
  region size 1024K, 6 young (6144K), 6 survivors (6144K)
 Metaspace       used 34919K, capacity 35808K, committed 36048K, reserved 1081344K
  class space    used 4721K, capacity 5122K, committed 5248K, reserved 1048576K
}
Event: 1.526 GC heap before
{Heap before GC invocations=6 (full 0):
 garbage-first heap   total 393216K, used 179235K [0x0000000740000000, 0x00000007c0000000)
  region size 1024K, 157 young (160768K), 6 survivors (6144K)
 Metaspace       used 40864K, capacity 41949K, committed 42032K, reserved 1085440K
  class space    used 5529K, capacity 5980K, committed 6016K, reserved 1048576K
}
Event: 1.529 GC heap after
{Heap after GC invocations=7 (full 0):
 garbage-first heap   total 393216K, used 33471K [0x0000000740000000, 0x00000007c0000000)
  region size 1024K, 14 young (14336K), 14 survivors (14336K)
 Metaspace       used 40864K, capacity 41949K, committed 42032K, reserved 1085440K
  class space    used 5529K, capacity 5980K, committed 6016K, reserved 1048576K
}
Event: 2.099 GC heap before
{Heap before GC invocations=7 (full 0):
 garbage-first heap   total 393216K, used 225983K [0x0000000740000000, 0x00000007c0000000)
  region size 1024K, 196 young (200704K), 14 survivors (14336K)
 Metaspace       used 56560K, capacity 58302K, committed 58544K, reserved 1099776K
  class space    used 7397K, capacity 8106K, committed 8192K, reserved 1048576K
}
Event: 2.103 GC heap after
{Heap after GC invocations=8 (full 0):
 garbage-first heap   total 393216K, used 41577K [0x0000000740000000, 0x00000007c0000000)
  region size 1024K, 19 young (19456K), 19 survivors (19456K)
 Metaspace       used 56560K, capacity 58302K, committed 58544K, reserved 1099776K
  class space    used 7397K, capacity 8106K, committed 8192K, reserved 1048576K
}
Event: 2.161 GC heap before
{Heap before GC invocations=8 (full 0):
 garbage-first heap   total 393216K, used 72297K [0x0000000740000000, 0x00000007c0000000)
  region size 1024K, 50 young (51200K), 19 survivors (19456K)
 Metaspace       used 58515K, capacity 60222K, committed 60336K, reserved 1101824K
  class space    used 7654K, capacity 8362K, committed 8448K, reserved 1048576K
}
Event: 2.165 GC heap after
{Heap after GC invocations=9 (full 0):
 garbage-first heap   total 393216K, used 42505K [0x0000000740000000, 0x00000007c0000000)
  region size 1024K, 11 young (11264K), 11 survivors (11264K)
 Metaspace       used 58515K, capacity 60222K, committed 60336K, reserved 1101824K
  class space    used 7654K, capacity 8362K, committed 8448K, reserved 1048576K
}
Event: 4.254 GC heap before
{Heap before GC invocations=10 (full 0):
 garbage-first heap   total 393216K, used 266761K [0x0000000740000000, 0x00000007c0000000)
  region size 1024K, 230 young (235520K), 11 survivors (11264K)
 Metaspace       used 74106K, capacity 76336K, committed 76464K, reserved 1116160K
  class space    used 9800K, capacity 10715K, committed 10752K, reserved 1048576K
}
Event: 4.260 GC heap after
{Heap after GC invocations=11 (full 0):
 garbage-first heap   total 393216K, used 52406K [0x0000000740000000, 0x00000007c0000000)
  region size 1024K, 20 young (20480K), 20 survivors (20480K)
 Metaspace       used 74106K, capacity 76336K, committed 76464K, reserved 1116160K
  class space    used 9800K, capacity 10715K, committed 10752K, reserved 1048576K
}

