# JRE version: OpenJDK Runtime Environment Homebrew (11.0.26) (build 11.0.26+0)
# Java VM: OpenJDK 64-Bit Server VM Homebrew (11.0.26+0, mixed mode, tiered, compressed oops, g1 gc, bsd-aarch64)
Heap:
 garbage-first heap   total 393216K, used 89366K [0x0000000740000000, 0x00000007c0000000)
  region size 1024K, 27 young (27648K), 19 survivors (19456K)
 Metaspace       used 126842K, capacity 129458K, committed 129552K, reserved 1161216K
  class space    used 16002K, capacity 17117K, committed 17152K, reserved 1048576K
GC Heap History (20 events):
Event: 0.567 GC heap before
{Heap before GC invocations=1 (full 0):
 garbage-first heap   total 393216K, used 155615K [0x0000000740000000, 0x00000007c0000000)
  region size 1024K, 144 young (147456K), 3 survivors (3072K)
 Metaspace       used 20773K, capacity 21220K, committed 21296K, reserved 1069056K
  class space    used 2451K, capacity 2659K, committed 2688K, reserved 1048576K
}
Event: 0.571 GC heap after
{Heap after GC invocations=2 (full 0):
 garbage-first heap   total 393216K, used 19613K [0x0000000740000000, 0x00000007c0000000)
  region size 1024K, 12 young (12288K), 12 survivors (12288K)
 Metaspace       used 20773K, capacity 21220K, committed 21296K, reserved 1069056K
  class space    used 2451K, capacity 2659K, committed 2688K, reserved 1048576K
}
Event: 0.748 GC heap before
{Heap before GC invocations=3 (full 0):
 garbage-first heap   total 393216K, used 101533K [0x0000000740000000, 0x00000007c0000000)
  region size 1024K, 92 young (94208K), 12 survivors (12288K)
 Metaspace       used 25805K, capacity 26391K, committed 26544K, reserved 1073152K
  class space    used 3275K, capacity 3515K, committed 3584K, reserved 1048576K
}
Event: 0.752 GC heap after
{Heap after GC invocations=4 (full 0):
 garbage-first heap   total 393216K, used 22282K [0x0000000740000000, 0x00000007c0000000)
  region size 1024K, 3 young (3072K), 3 survivors (3072K)
 Metaspace       used 25805K, capacity 26391K, committed 26544K, reserved 1073152K
  class space    used 3275K, capacity 3515K, committed 3584K, reserved 1048576K
}
Event: 1.085 GC heap before
{Heap before GC invocations=4 (full 0):
 garbage-first heap   total 393216K, used 171786K [0x0000000740000000, 0x00000007c0000000)
  region size 1024K, 150 young (153600K), 3 survivors (3072K)
 Metaspace       used 34984K, capacity 35870K, committed 35920K, reserved 1081344K
  class space    used 4725K, capacity 5120K, committed 5120K, reserved 1048576K
}
Event: 1.088 GC heap after
{Heap after GC invocations=5 (full 0):
 garbage-first heap   total 393216K, used 25250K [0x0000000740000000, 0x00000007c0000000)
  region size 1024K, 6 young (6144K), 6 survivors (6144K)
 Metaspace       used 34984K, capacity 35870K, committed 35920K, reserved 1081344K
  class space    used 4725K, capacity 5120K, committed 5120K, reserved 1048576K
}
Event: 1.702 GC heap before
{Heap before GC invocations=6 (full 0):
 garbage-first heap   total 393216K, used 242338K [0x0000000740000000, 0x00000007c0000000)
  region size 1024K, 212 young (217088K), 6 survivors (6144K)
 Metaspace       used 52087K, capacity 53447K, committed 53648K, reserved 1095680K
  class space    used 6816K, capacity 7400K, committed 7488K, reserved 1048576K
}
Event: 1.705 GC heap after
{Heap after GC invocations=7 (full 0):
 garbage-first heap   total 393216K, used 35492K [0x0000000740000000, 0x00000007c0000000)
  region size 1024K, 16 young (16384K), 16 survivors (16384K)
 Metaspace       used 52087K, capacity 53447K, committed 53648K, reserved 1095680K
  class space    used 6816K, capacity 7400K, committed 7488K, reserved 1048576K
}
Event: 1.899 GC heap before
{Heap before GC invocations=7 (full 0):
 garbage-first heap   total 393216K, used 96932K [0x0000000740000000, 0x00000007c0000000)
  region size 1024K, 77 young (78848K), 16 survivors (16384K)
 Metaspace       used 58629K, capacity 60265K, committed 60304K, reserved 1101824K
  class space    used 7799K, capacity 8486K, committed 8512K, reserved 1048576K
}
Event: 1.906 GC heap after
{Heap after GC invocations=8 (full 0):
 garbage-first heap   total 393216K, used 37535K [0x0000000740000000, 0x00000007c0000000)
  region size 1024K, 16 young (16384K), 16 survivors (16384K)
 Metaspace       used 58629K, capacity 60265K, committed 60304K, reserved 1101824K
  class space    used 7799K, capacity 8486K, committed 8512K, reserved 1048576K
}
Event: 2.581 GC heap before
{Heap before GC invocations=9 (full 0):
 garbage-first heap   total 393216K, used 255647K [0x0000000740000000, 0x00000007c0000000)
  region size 1024K, 230 young (235520K), 16 survivors (16384K)
 Metaspace       used 76622K, capacity 78681K, committed 78864K, reserved 1116160K
  class space    used 10458K, capacity 11336K, committed 11456K, reserved 1048576K
}
Event: 2.586 GC heap after
{Heap after GC invocations=10 (full 0):
 garbage-first heap   total 393216K, used 41881K [0x0000000740000000, 0x00000007c0000000)
  region size 1024K, 20 young (20480K), 20 survivors (20480K)
 Metaspace       used 76622K, capacity 78681K, committed 78864K, reserved 1116160K
  class space    used 10458K, capacity 11336K, committed 11456K, reserved 1048576K
}
Event: 3.147 GC heap before
{Heap before GC invocations=10 (full 0):
 garbage-first heap   total 393216K, used 271257K [0x0000000740000000, 0x00000007c0000000)
  region size 1024K, 230 young (235520K), 20 survivors (20480K)
 Metaspace       used 89183K, capacity 91465K, committed 91664K, reserved 1128448K
  class space    used 11915K, capacity 12879K, committed 12992K, reserved 1048576K
}
Event: 3.154 GC heap after
{Heap after GC invocations=11 (full 0):
 garbage-first heap   total 393216K, used 63200K [0x0000000740000000, 0x00000007c0000000)
  region size 1024K, 24 young (24576K), 24 survivors (24576K)
 Metaspace       used 89183K, capacity 91465K, committed 91664K, reserved 1128448K
  class space    used 11915K, capacity 12879K, committed 12992K, reserved 1048576K
}
Event: 3.532 GC heap before
{Heap before GC invocations=11 (full 0):
 garbage-first heap   total 393216K, used 198368K [0x0000000740000000, 0x00000007c0000000)
  region size 1024K, 157 young (160768K), 24 survivors (24576K)
 Metaspace       used 98678K, capacity 100908K, committed 100944K, reserved 1136640K
  class space    used 12906K, capacity 13873K, committed 13888K, reserved 1048576K
}
Event: 3.551 GC heap after
{Heap after GC invocations=12 (full 0):
 garbage-first heap   total 393216K, used 68668K [0x0000000740000000, 0x00000007c0000000)
  region size 1024K, 21 young (21504K), 21 survivors (21504K)
 Metaspace       used 98678K, capacity 100908K, committed 100944K, reserved 1136640K
  class space    used 12906K, capacity 13873K, committed 13888K, reserved 1048576K
}
Event: 4.098 GC heap before
{Heap before GC invocations=13 (full 0):
 garbage-first heap   total 393216K, used 283708K [0x0000000740000000, 0x00000007c0000000)
  region size 1024K, 230 young (235520K), 21 survivors (21504K)
 Metaspace       used 110560K, capacity 112902K, committed 113168K, reserved 1146880K
  class space    used 14241K, capacity 15251K, committed 15360K, reserved 1048576K
}
Event: 4.104 GC heap after
{Heap after GC invocations=14 (full 0):
 garbage-first heap   total 393216K, used 77600K [0x0000000740000000, 0x00000007c0000000)
  region size 1024K, 14 young (14336K), 14 survivors (14336K)
 Metaspace       used 110560K, capacity 112902K, committed 113168K, reserved 1146880K
  class space    used 14241K, capacity 15251K, committed 15360K, reserved 1048576K
}
Event: 4.761 GC heap before
{Heap before GC invocations=14 (full 0):
 garbage-first heap   total 393216K, used 298784K [0x0000000740000000, 0x00000007c0000000)
  region size 1024K, 230 young (235520K), 14 survivors (14336K)
 Metaspace       used 126728K, capacity 129322K, committed 129552K, reserved 1161216K
  class space    used 15979K, capacity 17091K, committed 17152K, reserved 1048576K
}
Event: 4.765 GC heap after
{Heap after GC invocations=15 (full 0):
 garbage-first heap   total 393216K, used 82198K [0x0000000740000000, 0x00000007c0000000)
  region size 1024K, 19 young (19456K), 19 survivors (19456K)
 Metaspace       used 126728K, capacity 129322K, committed 129552K, reserved 1161216K
  class space    used 15979K, capacity 17091K, committed 17152K, reserved 1048576K
}

